============================================================
  Generated by:           Genus(TM) Synthesis Solution 20.11-s111_1
  Generated on:           Jun 19 2024  02:56:45 pm
  Module:                 vedic8bit
  Operating conditions:   fast (balanced_tree)
  Wireload mode:          enclosed
  Area mode:              timing library
============================================================

 Instance     Module     Cell Count  Cell Area  Net Area   Total Area   Wireload  
----------------------------------------------------------------------------------
vedic8bit                       156   6070.680     0.000     6070.680 <none> (D)  
  n1      rca8bit                 8    525.571     0.000      525.571 <none> (D)  
    x1    hag_191                 1     36.590     0.000       36.590 <none> (D)  
    x2    fag_140                 1     69.854     0.000       69.854 <none> (D)  
    x3    fag_139                 1     69.854     0.000       69.854 <none> (D)  
    x4    fag_138                 1     69.854     0.000       69.854 <none> (D)  
    x5    fag_137                 1     69.854     0.000       69.854 <none> (D)  
    x6    fag_136                 1     69.854     0.000       69.854 <none> (D)  
    x7    fag_135                 1     69.854     0.000       69.854 <none> (D)  
    x8    fag_134                 1     69.854     0.000       69.854 <none> (D)  
  n2      rca8bit_1               8    382.536     0.000      382.536 <none> (D)  
    x1    hag_178                 1     36.590     0.000       36.590 <none> (D)  
    x2    fag_133                 1     69.854     0.000       69.854 <none> (D)  
    x3    fag_132                 1     69.854     0.000       69.854 <none> (D)  
    x4    fag_131                 1     69.854     0.000       69.854 <none> (D)  
    x5    fag_42                  1     36.590     0.000       36.590 <none> (D)  
    x6    fag_42_174              1     36.590     0.000       36.590 <none> (D)  
    x7    fag_42_173              1     36.590     0.000       36.590 <none> (D)  
    x8    fag_42_172              1     26.611     0.000       26.611 <none> (D)  
  n3      rca8bit_2               8    415.800     0.000      415.800 <none> (D)  
    x1    hag_177                 1     36.590     0.000       36.590 <none> (D)  
    x2    fag_130                 1     69.854     0.000       69.854 <none> (D)  
    x3    fag_129                 1     69.854     0.000       69.854 <none> (D)  
    x4    fag_128                 1     69.854     0.000       69.854 <none> (D)  
    x5    fag_127                 1     69.854     0.000       69.854 <none> (D)  
    x6    fag_52_175              1     36.590     0.000       36.590 <none> (D)  
    x7    fag_52_176              1     36.590     0.000       36.590 <none> (D)  
    x8    fag_52                  1     26.611     0.000       26.611 <none> (D)  
  x1      vedic4bit              32    924.739     0.000      924.739 <none> (D)  
    z1    andg                    1     13.306     0.000       13.306 <none> (D)  
    z2    andg_126                1     13.306     0.000       13.306 <none> (D)  
    z3    andg_125                1     13.306     0.000       13.306 <none> (D)  
    z4    hag                     1     36.590     0.000       36.590 <none> (D)  
    z5    andg_124                1     13.306     0.000       13.306 <none> (D)  
    z6    andg_123                1     13.306     0.000       13.306 <none> (D)  
    z7    andg_122                1     13.306     0.000       13.306 <none> (D)  
    z8    fag                     4     83.160     0.000       83.160 <none> (D)  
    z9    hag_194                 2     29.938     0.000       29.938 <none> (D)  
    z10   andg_121                1     13.306     0.000       13.306 <none> (D)  
    z11   andg_120                1     13.306     0.000       13.306 <none> (D)  
    z12   andg_119                1     13.306     0.000       13.306 <none> (D)  
    z13   fag_165                 1     69.854     0.000       69.854 <none> (D)  
    z14   andg_118                1     13.306     0.000       13.306 <none> (D)  
    z15   hag_193                 1     36.590     0.000       36.590 <none> (D)  
    z16   fag_161                 1     69.854     0.000       69.854 <none> (D)  
    z17   andg_117                1     13.306     0.000       13.306 <none> (D)  
    z19   andg_116                1     13.306     0.000       13.306 <none> (D)  
    z20   andg_115                1     13.306     0.000       13.306 <none> (D)  
    z21   fag_157                 1     69.854     0.000       69.854 <none> (D)  
    z22   hag_192                 1     36.590     0.000       36.590 <none> (D)  
    z23   fag_153                 1     69.854     0.000       69.854 <none> (D)  
    z24   andg_114                1     13.306     0.000       13.306 <none> (D)  
    z25   andg_113                1     13.306     0.000       13.306 <none> (D)  
    z26   fag_149                 1     69.854     0.000       69.854 <none> (D)  
    z27   fag_145                 1     69.854     0.000       69.854 <none> (D)  
    z28   andg_112                1     13.306     0.000       13.306 <none> (D)  
    z29   fag_141                 1     69.854     0.000       69.854 <none> (D)  
  x2      vedic4bit_197          28    918.086     0.000      918.086 <none> (D)  
    z1    andg_111                1     13.306     0.000       13.306 <none> (D)  
    z2    andg_110                1     13.306     0.000       13.306 <none> (D)  
    z3    andg_109                1     13.306     0.000       13.306 <none> (D)  
    z4    hag_190                 1     36.590     0.000       36.590 <none> (D)  
    z5    andg_108                1     13.306     0.000       13.306 <none> (D)  
    z6    andg_107                1     13.306     0.000       13.306 <none> (D)  
    z7    andg_106                1     13.306     0.000       13.306 <none> (D)  
    z8    fag_171                 1     69.854     0.000       69.854 <none> (D)  
    z9    hag_189                 1     36.590     0.000       36.590 <none> (D)  
    z10   andg_105                1     13.306     0.000       13.306 <none> (D)  
    z11   andg_104                1     13.306     0.000       13.306 <none> (D)  
    z12   andg_103                1     13.306     0.000       13.306 <none> (D)  
    z13   fag_168                 1     69.854     0.000       69.854 <none> (D)  
    z14   andg_102                1     13.306     0.000       13.306 <none> (D)  
    z15   hag_188                 1     36.590     0.000       36.590 <none> (D)  
    z16   fag_164                 1     69.854     0.000       69.854 <none> (D)  
    z17   andg_101                1     13.306     0.000       13.306 <none> (D)  
    z19   andg_100                1     13.306     0.000       13.306 <none> (D)  
    z20   andg_99                 1     13.306     0.000       13.306 <none> (D)  
    z21   fag_160                 1     69.854     0.000       69.854 <none> (D)  
    z22   hag_187                 1     36.590     0.000       36.590 <none> (D)  
    z23   fag_156                 1     69.854     0.000       69.854 <none> (D)  
    z24   andg_98                 1     13.306     0.000       13.306 <none> (D)  
    z25   andg_97                 1     13.306     0.000       13.306 <none> (D)  
    z26   fag_152                 1     69.854     0.000       69.854 <none> (D)  
    z27   fag_148                 1     69.854     0.000       69.854 <none> (D)  
    z28   andg_96                 1     13.306     0.000       13.306 <none> (D)  
    z29   fag_144                 1     69.854     0.000       69.854 <none> (D)  
  x3      vedic4bit_196          28    918.086     0.000      918.086 <none> (D)  
    z1    andg_95                 1     13.306     0.000       13.306 <none> (D)  
    z2    andg_94                 1     13.306     0.000       13.306 <none> (D)  
    z3    andg_93                 1     13.306     0.000       13.306 <none> (D)  
    z4    hag_186                 1     36.590     0.000       36.590 <none> (D)  
    z5    andg_92                 1     13.306     0.000       13.306 <none> (D)  
    z6    andg_91                 1     13.306     0.000       13.306 <none> (D)  
    z7    andg_90                 1     13.306     0.000       13.306 <none> (D)  
    z8    fag_170                 1     69.854     0.000       69.854 <none> (D)  
    z9    hag_185                 1     36.590     0.000       36.590 <none> (D)  
    z10   andg_89                 1     13.306     0.000       13.306 <none> (D)  
    z11   andg_88                 1     13.306     0.000       13.306 <none> (D)  
    z12   andg_87                 1     13.306     0.000       13.306 <none> (D)  
    z13   fag_167                 1     69.854     0.000       69.854 <none> (D)  
    z14   andg_86                 1     13.306     0.000       13.306 <none> (D)  
    z15   hag_184                 1     36.590     0.000       36.590 <none> (D)  
    z16   fag_163                 1     69.854     0.000       69.854 <none> (D)  
    z17   andg_85                 1     13.306     0.000       13.306 <none> (D)  
    z19   andg_84                 1     13.306     0.000       13.306 <none> (D)  
    z20   andg_83                 1     13.306     0.000       13.306 <none> (D)  
    z21   fag_159                 1     69.854     0.000       69.854 <none> (D)  
    z22   hag_183                 1     36.590     0.000       36.590 <none> (D)  
    z23   fag_155                 1     69.854     0.000       69.854 <none> (D)  
    z24   andg_82                 1     13.306     0.000       13.306 <none> (D)  
    z25   andg_81                 1     13.306     0.000       13.306 <none> (D)  
    z26   fag_151                 1     69.854     0.000       69.854 <none> (D)  
    z27   fag_147                 1     69.854     0.000       69.854 <none> (D)  
    z28   andg_80                 1     13.306     0.000       13.306 <none> (D)  
    z29   fag_143                 1     69.854     0.000       69.854 <none> (D)  
  x4      vedic4bit_195          28    918.086     0.000      918.086 <none> (D)  
    z1    andg_79                 1     13.306     0.000       13.306 <none> (D)  
    z2    andg_78                 1     13.306     0.000       13.306 <none> (D)  
    z3    andg_77                 1     13.306     0.000       13.306 <none> (D)  
    z4    hag_182                 1     36.590     0.000       36.590 <none> (D)  
    z5    andg_76                 1     13.306     0.000       13.306 <none> (D)  
    z6    andg_75                 1     13.306     0.000       13.306 <none> (D)  
    z7    andg_74                 1     13.306     0.000       13.306 <none> (D)  
    z8    fag_169                 1     69.854     0.000       69.854 <none> (D)  
    z9    hag_181                 1     36.590     0.000       36.590 <none> (D)  
    z10   andg_73                 1     13.306     0.000       13.306 <none> (D)  
    z11   andg_72                 1     13.306     0.000       13.306 <none> (D)  
    z12   andg_71                 1     13.306     0.000       13.306 <none> (D)  
    z13   fag_166                 1     69.854     0.000       69.854 <none> (D)  
    z14   andg_70                 1     13.306     0.000       13.306 <none> (D)  
    z15   hag_180                 1     36.590     0.000       36.590 <none> (D)  
    z16   fag_162                 1     69.854     0.000       69.854 <none> (D)  
    z17   andg_69                 1     13.306     0.000       13.306 <none> (D)  
    z19   andg_68                 1     13.306     0.000       13.306 <none> (D)  
    z20   andg_67                 1     13.306     0.000       13.306 <none> (D)  
    z21   fag_158                 1     69.854     0.000       69.854 <none> (D)  
    z22   hag_179                 1     36.590     0.000       36.590 <none> (D)  
    z23   fag_154                 1     69.854     0.000       69.854 <none> (D)  
    z24   andg_66                 1     13.306     0.000       13.306 <none> (D)  
    z25   andg_65                 1     13.306     0.000       13.306 <none> (D)  
    z26   fag_150                 1     69.854     0.000       69.854 <none> (D)  
    z27   fag_146                 1     69.854     0.000       69.854 <none> (D)  
    z28   andg_64                 1     13.306     0.000       13.306 <none> (D)  
    z29   fag_142                 1     69.854     0.000       69.854 <none> (D)  
  (D) = wireload is default in technology library
